Traceback (most recent call last):
  File "/Users/jsf/Documents/QuantumBrush-collab/effect/apply_effect.py", line 229, in <module>
    success = apply_effect(data)
              ^^^^^^^^^^^^^^^^^^
  File "/Users/jsf/Documents/QuantumBrush-collab/effect/apply_effect.py", line 138, in apply_effect
    new_image = effect_module.run(req)
                ^^^^^^^^^^^^^^^^^^^^^^
  File "/Users/jsf/Documents/QuantumBrush-collab/effect/../effect/heisenbrush2/heisenbrush2.py", line 161, in run
    new_hls = np.array([[(h + shift) % 1.0, (l + shift) % 1, (s + shift) % 1.0] for shift in color_shifts])
                                                                                             ^^^^^^^^^^^^
TypeError: 'NoneType' object is not iterable
Traceback (most recent call last):
  File "/Users/jsf/Documents/QuantumBrush-collab/effect/apply_effect.py", line 229, in <module>
    success = apply_effect(data)
              ^^^^^^^^^^^^^^^^^^
  File "/Users/jsf/Documents/QuantumBrush-collab/effect/apply_effect.py", line 138, in apply_effect
    new_image = effect_module.run(req)
                ^^^^^^^^^^^^^^^^^^^^^^
  File "/Users/jsf/Documents/QuantumBrush-collab/effect/../effect/heisenbrush2/heisenbrush2.py", line 161, in run
    new_hls = np.array([[(h + shift) % 1.0, (l + shift) % 1, (s + shift) % 1.0] for shift in color_shifts])
                                                                                             ^^^^^^^^^^^^
TypeError: 'NoneType' object is not iterable
