Using color: [255  51  51]
Using angles: phi=0.0, theta=1.8849557638168335
J_list: [-0.5, -0.5, -0.5, -0.5, -0.5, -0.5, -0.5, -0.5, -0.5, -0.5], hz_list: [0.5, 0.5, 0.5, 0.5, 0.5, 0.5, 0.5, 0.5, 0.5, 0.5], hx_list: [0.5, 0.5, 0.5, 0.5, 0.5, 0.5, 0.5, 0.5, 0.5, 0.5], dt: 0.1
J_list: [-0.5, -0.5, -0.5, -0.5, -0.5, -0.5, -0.5, -0.5, -0.5, -0.5], hz_list: [0.5, 0.5, 0.5, 0.5, 0.5, 0.5, 0.5, 0.5, 0.5, 0.5], hx_list: [0.5, 0.5, 0.5, 0.5, 0.5, 0.5, 0.5, 0.5, 0.5, 0.5], dt: 0.061246040126715945
J_list: [-0.5, -0.5, -0.5, -0.5, -0.5, -0.5, -0.5, -0.5, -0.5, -0.5], hz_list: [0.5, 0.5, 0.5, 0.5, 0.5, 0.5, 0.5, 0.5, 0.5, 0.5], hx_list: [0.5, 0.5, 0.5, 0.5, 0.5, 0.5, 0.5, 0.5, 0.5, 0.5], dt: 0.06504751847940866
J_list: [-0.5, -0.5, -0.5, -0.5, -0.5, -0.5, -0.5, -0.5, -0.5, -0.5], hz_list: [0.5, 0.5, 0.5, 0.5, 0.5, 0.5, 0.5, 0.5, 0.5, 0.5], hx_list: [0.5, 0.5, 0.5, 0.5, 0.5, 0.5, 0.5, 0.5, 0.5, 0.5], dt: 0.0850052798310454
J_list: [-0.5, -0.5, -0.5, -0.5, -0.5, -0.5, -0.5, -0.5, -0.5, -0.5], hz_list: [0.5, 0.5, 0.5, 0.5, 0.5, 0.5, 0.5, 0.5, 0.5, 0.5], hx_list: [0.5, 0.5, 0.5, 0.5, 0.5, 0.5, 0.5, 0.5, 0.5, 0.5], dt: 0.07222808870116157
Values: [-0.30522461 -0.28793945 -0.26201172 -0.24316406 -0.20927734]
old hue: 0.0, old lightness: 0.6000000238418579, old saturation: 1.0
new hue: [0.69477539 0.71206055 0.73798828 0.75683594 0.79072266], new lightness: [0.29477541 0.31206057 0.33798831 0.35683596 0.39072268], new saturation: [0.69477539 0.71206055 0.73798828 0.75683594 0.79072266]
Generated new colors: [(41, 23, 127), (54, 23, 136), (77, 23, 150), (97, 22, 160), (138, 21, 178)]
Heisenberg effect applied successfully
Effect applied successfully.
Using color: [204   0   0]
Using angles: phi=0.0, theta=1.2566370964050293
J_list: [-0.5, -0.5, -0.5, -0.5, -0.5, -0.5, -0.5, -0.5, -0.5, -0.5], hz_list: [0.5, 0.5, 0.5, 0.5, 0.5, 0.5, 0.5, 0.5, 0.5, 0.5], hx_list: [0.5, 0.5, 0.5, 0.5, 0.5, 0.5, 0.5, 0.5, 0.5, 0.5], dt: 0.10000000000000002
J_list: [-0.5, -0.5, -0.5, -0.5, -0.5, -0.5, -0.5, -0.5, -0.5, -0.5], hz_list: [0.5, 0.5, 0.5, 0.5, 0.5, 0.5, 0.5, 0.5, 0.5, 0.5], hx_list: [0.5, 0.5, 0.5, 0.5, 0.5, 0.5, 0.5, 0.5, 0.5, 0.5], dt: 0.054897494305239186
J_list: [-0.5, -0.5, -0.5, -0.5, -0.5, -0.5, -0.5, -0.5, -0.5, -0.5], hz_list: [0.5, 0.5, 0.5, 0.5, 0.5, 0.5, 0.5, 0.5, 0.5, 0.5], hx_list: [0.5, 0.5, 0.5, 0.5, 0.5, 0.5, 0.5, 0.5, 0.5, 0.5], dt: 0.0703872437357631
J_list: [-0.5, -0.5, -0.5, -0.5, -0.5, -0.5, -0.5, -0.5, -0.5, -0.5], hz_list: [0.5, 0.5, 0.5, 0.5, 0.5, 0.5, 0.5, 0.5, 0.5, 0.5], hx_list: [0.5, 0.5, 0.5, 0.5, 0.5, 0.5, 0.5, 0.5, 0.5, 0.5], dt: 0.06446469248291573
Values: [0.32211914 0.31689453 0.32636719 0.35019531]
old hue: 0.0, old lightness: 0.4000000059604645, old saturation: 1.0
new hue: [0.32211914 0.31689453 0.32636719 0.35019531], new lightness: [0.72211915 0.71689454 0.72636719 0.75019532], new saturation: [0.32211914 0.31689453 0.32636719 0.35019531]
Generated new colors: [(164, 207, 161), (164, 206, 160), (164, 208, 162), (169, 214, 174)]
Heisenberg effect applied successfully
Effect applied successfully.
Using color: [204   0   0]
Using angles: phi=0.0, theta=1.2566370964050293
J_list: [-0.5, -0.5, -0.5, -0.5, -0.5, -0.5, -0.5, -0.5, -0.5, -0.5], hz_list: [0.5, 0.5, 0.5, 0.5, 0.5, 0.5, 0.5, 0.5, 0.5, 0.5], hx_list: [0.5, 0.5, 0.5, 0.5, 0.5, 0.5, 0.5, 0.5, 0.5, 0.5], dt: 0.10000000000000002
J_list: [-0.5, -0.5, -0.5, -0.5, -0.5, -0.5, -0.5, -0.5, -0.5, -0.5], hz_list: [0.5, 0.5, 0.5, 0.5, 0.5, 0.5, 0.5, 0.5, 0.5, 0.5], hx_list: [0.5, 0.5, 0.5, 0.5, 0.5, 0.5, 0.5, 0.5, 0.5, 0.5], dt: 0.054897494305239186
J_list: [-0.5, -0.5, -0.5, -0.5, -0.5, -0.5, -0.5, -0.5, -0.5, -0.5], hz_list: [0.5, 0.5, 0.5, 0.5, 0.5, 0.5, 0.5, 0.5, 0.5, 0.5], hx_list: [0.5, 0.5, 0.5, 0.5, 0.5, 0.5, 0.5, 0.5, 0.5, 0.5], dt: 0.0703872437357631
J_list: [-0.5, -0.5, -0.5, -0.5, -0.5, -0.5, -0.5, -0.5, -0.5, -0.5], hz_list: [0.5, 0.5, 0.5, 0.5, 0.5, 0.5, 0.5, 0.5, 0.5, 0.5], hx_list: [0.5, 0.5, 0.5, 0.5, 0.5, 0.5, 0.5, 0.5, 0.5, 0.5], dt: 0.06446469248291573
Values: [0.31542969 0.32680664 0.33618164 0.34316406]
old hue: 0.0, old lightness: 0.4000000059604645, old saturation: 1.0
new hue: [0.31542969 0.32680664 0.33618164 0.34316406], new lightness: [0.71542969 0.72680665 0.73618165 0.74316407], new saturation: [0.31542969 0.32680664 0.33618164 0.34316406]
Generated new colors: [(164, 205, 160), (164, 208, 163), (165, 210, 166), (167, 212, 170)]
Heisenberg effect applied successfully
Effect applied successfully.
Using color: [255   0   0]
Using angles: phi=0.0, theta=1.5707963705062866
J_list: [-0.5, -0.5, -0.5, -0.5, -0.5, -0.5, -0.5, -0.5, -0.5, -0.5], hz_list: [0.5, 0.5, 0.5, 0.5, 0.5, 0.5, 0.5, 0.5, 0.5, 0.5], hx_list: [0.5, 0.5, 0.5, 0.5, 0.5, 0.5, 0.5, 0.5, 0.5, 0.5], dt: 0.06543859649122807
J_list: [-0.5, -0.5, -0.5, -0.5, -0.5, -0.5, -0.5, -0.5, -0.5, -0.5], hz_list: [0.5, 0.5, 0.5, 0.5, 0.5, 0.5, 0.5, 0.5, 0.5, 0.5], hx_list: [0.5, 0.5, 0.5, 0.5, 0.5, 0.5, 0.5, 0.5, 0.5, 0.5], dt: 0.04017543859649123
J_list: [-0.5, -0.5, -0.5, -0.5, -0.5, -0.5, -0.5, -0.5, -0.5, -0.5], hz_list: [0.5, 0.5, 0.5, 0.5, 0.5, 0.5, 0.5, 0.5, 0.5, 0.5], hx_list: [0.5, 0.5, 0.5, 0.5, 0.5, 0.5, 0.5, 0.5, 0.5, 0.5], dt: 0.1
Values: [-0.00219727  0.00620117  0.02817383]
old hue: 0.0, old lightness: 0.5, old saturation: 1.0
new hue: [0.99780273 0.00620117 0.02817383], new lightness: [0.49780273 0.50620117 0.52817383], new saturation: [0.99780273 0.00620117 0.02817383]
Generated new colors: [(254, 0, 4), (130, 128, 128), (138, 132, 131)]
Heisenberg effect applied successfully
Effect applied successfully.
Using color: [255   0   0]
Using angles: phi=0.0, theta=1.5707963705062866
J_list: [-0.5, -0.5, -0.5, -0.5, -0.5, -0.5, -0.5, -0.5, -0.5, -0.5], hz_list: [0.5, 0.5, 0.5, 0.5, 0.5, 0.5, 0.5, 0.5, 0.5, 0.5], hx_list: [0.5, 0.5, 0.5, 0.5, 0.5, 0.5, 0.5, 0.5, 0.5, 0.5], dt: 0.06543859649122807
J_list: [-0.5, -0.5, -0.5, -0.5, -0.5, -0.5, -0.5, -0.5, -0.5, -0.5], hz_list: [0.5, 0.5, 0.5, 0.5, 0.5, 0.5, 0.5, 0.5, 0.5, 0.5], hx_list: [0.5, 0.5, 0.5, 0.5, 0.5, 0.5, 0.5, 0.5, 0.5, 0.5], dt: 0.04017543859649123
J_list: [-0.5, -0.5, -0.5, -0.5, -0.5, -0.5, -0.5, -0.5, -0.5, -0.5], hz_list: [0.5, 0.5, 0.5, 0.5, 0.5, 0.5, 0.5, 0.5, 0.5, 0.5], hx_list: [0.5, 0.5, 0.5, 0.5, 0.5, 0.5, 0.5, 0.5, 0.5, 0.5], dt: 0.1
Values: [4.88281250e-05 1.42089844e-02 2.33398438e-02]
old hue: 0.0, old lightness: 0.5, old saturation: 1.0
new hue: [4.88281250e-05 1.42089844e-02 2.33398438e-02], new lightness: [0.50004883 0.51420898 0.52333984], new saturation: [4.88281250e-05 1.42089844e-02 2.33398438e-02]
Generated new colors: [(128, 128, 128), (133, 130, 129), (136, 131, 131)]
Heisenberg effect applied successfully
Effect applied successfully.
Using color: [255   0   0]
Using angles: phi=0.0, theta=1.5707963705062866
J_list: [-0.5, -0.5, -0.5, -0.5, -0.5, -0.5, -0.5, -0.5, -0.5, -0.5], hz_list: [0.5, 0.5, 0.5, 0.5, 0.5, 0.5, 0.5, 0.5, 0.5, 0.5], hx_list: [0.5, 0.5, 0.5, 0.5, 0.5, 0.5, 0.5, 0.5, 0.5, 0.5], dt: 0.06543859649122807
J_list: [-0.5, -0.5, -0.5, -0.5, -0.5, -0.5, -0.5, -0.5, -0.5, -0.5], hz_list: [0.5, 0.5, 0.5, 0.5, 0.5, 0.5, 0.5, 0.5, 0.5, 0.5], hx_list: [0.5, 0.5, 0.5, 0.5, 0.5, 0.5, 0.5, 0.5, 0.5, 0.5], dt: 0.04017543859649123
J_list: [-0.5, -0.5, -0.5, -0.5, -0.5, -0.5, -0.5, -0.5, -0.5, -0.5], hz_list: [0.5, 0.5, 0.5, 0.5, 0.5, 0.5, 0.5, 0.5, 0.5, 0.5], hx_list: [0.5, 0.5, 0.5, 0.5, 0.5, 0.5, 0.5, 0.5, 0.5, 0.5], dt: 0.1
Values: [0.00839844 0.00712891 0.03154297]
old hue: 0.0, old lightness: 0.5, old saturation: 1.0
new hue: [0.00839844 0.00712891 0.03154297], new lightness: [0.50839844 0.50712891 0.53154297], new saturation: [0.00839844 0.00712891 0.03154297]
Generated new colors: [(131, 129, 129), (130, 128, 128), (139, 133, 132)]
Heisenberg effect applied successfully
Effect applied successfully.
Using color: [255   0   0]
Using angles: phi=0.0, theta=1.5707963705062866
J_list: [-0.5, -0.5, -0.5, -0.5, -0.5, -0.5, -0.5, -0.5, -0.5, -0.5], hz_list: [0.5, 0.5, 0.5, 0.5, 0.5, 0.5, 0.5, 0.5, 0.5, 0.5], hx_list: [0.5, 0.5, 0.5, 0.5, 0.5, 0.5, 0.5, 0.5, 0.5, 0.5], dt: 0.06543859649122807
J_list: [-0.5, -0.5, -0.5, -0.5, -0.5, -0.5, -0.5, -0.5, -0.5, -0.5], hz_list: [0.5, 0.5, 0.5, 0.5, 0.5, 0.5, 0.5, 0.5, 0.5, 0.5], hx_list: [0.5, 0.5, 0.5, 0.5, 0.5, 0.5, 0.5, 0.5, 0.5, 0.5], dt: 0.04017543859649123
J_list: [-0.5, -0.5, -0.5, -0.5, -0.5, -0.5, -0.5, -0.5, -0.5, -0.5], hz_list: [0.5, 0.5, 0.5, 0.5, 0.5, 0.5, 0.5, 0.5, 0.5, 0.5], hx_list: [0.5, 0.5, 0.5, 0.5, 0.5, 0.5, 0.5, 0.5, 0.5, 0.5], dt: 0.1
Values: [0.00263672 0.00195312 0.02451172]
old hue: 0.0, old lightness: 0.5, old saturation: 1.0
new hue: [0.00263672 0.00195312 0.02451172], new lightness: [0.50263672 0.50195312 0.52451172], new saturation: [0.00263672 0.00195312 0.02451172]
Generated new colors: [(129, 128, 128), (128, 128, 128), (137, 132, 131)]
Heisenberg effect applied successfully
Effect applied successfully.
Using color: [255   0   0]
Using angles: phi=0.0, theta=1.5707963705062866
J_list: [-0.5, -0.5, -0.5, -0.5, -0.5, -0.5, -0.5, -0.5, -0.5, -0.5], hz_list: [0.5, 0.5, 0.5, 0.5, 0.5, 0.5, 0.5, 0.5, 0.5, 0.5], hx_list: [0.5, 0.5, 0.5, 0.5, 0.5, 0.5, 0.5, 0.5, 0.5, 0.5], dt: 0.06543859649122807
J_list: [-0.5, -0.5, -0.5, -0.5, -0.5, -0.5, -0.5, -0.5, -0.5, -0.5], hz_list: [0.5, 0.5, 0.5, 0.5, 0.5, 0.5, 0.5, 0.5, 0.5, 0.5], hx_list: [0.5, 0.5, 0.5, 0.5, 0.5, 0.5, 0.5, 0.5, 0.5, 0.5], dt: 0.04017543859649123
J_list: [-0.5, -0.5, -0.5, -0.5, -0.5, -0.5, -0.5, -0.5, -0.5, -0.5], hz_list: [0.5, 0.5, 0.5, 0.5, 0.5, 0.5, 0.5, 0.5, 0.5, 0.5], hx_list: [0.5, 0.5, 0.5, 0.5, 0.5, 0.5, 0.5, 0.5, 0.5, 0.5], dt: 0.1
Values: [0.00395508 0.00708008 0.0309082 ]
old hue: 0.0, old lightness: 0.5, old saturation: 1.0
new hue: [0.00395508 0.00708008 0.0309082 ], new lightness: [0.50395508 0.50708008 0.5309082 ], new saturation: [0.00395508 0.00708008 0.0309082 ]
Generated new colors: [(129, 128, 128), (130, 128, 128), (139, 133, 132)]
Heisenberg effect applied successfully
Effect applied successfully.
Using color: [255  51  51]
Using angles: phi=0.0, theta=1.8849557638168335
J_list: [-0.5, -0.5, -0.5, -0.5, -0.5, -0.5, -0.5, -0.5, -0.5, -0.5], hz_list: [0.5, 0.5, 0.5, 0.5, 0.5, 0.5, 0.5, 0.5, 0.5, 0.5], hx_list: [0.5, 0.5, 0.5, 0.5, 0.5, 0.5, 0.5, 0.5, 0.5, 0.5], dt: 0.1
J_list: [-0.5, -0.5, -0.5, -0.5, -0.5, -0.5, -0.5, -0.5, -0.5, -0.5], hz_list: [0.5, 0.5, 0.5, 0.5, 0.5, 0.5, 0.5, 0.5, 0.5, 0.5], hx_list: [0.5, 0.5, 0.5, 0.5, 0.5, 0.5, 0.5, 0.5, 0.5, 0.5], dt: 0.061246040126715945
J_list: [-0.5, -0.5, -0.5, -0.5, -0.5, -0.5, -0.5, -0.5, -0.5, -0.5], hz_list: [0.5, 0.5, 0.5, 0.5, 0.5, 0.5, 0.5, 0.5, 0.5, 0.5], hx_list: [0.5, 0.5, 0.5, 0.5, 0.5, 0.5, 0.5, 0.5, 0.5, 0.5], dt: 0.06504751847940866
J_list: [-0.5, -0.5, -0.5, -0.5, -0.5, -0.5, -0.5, -0.5, -0.5, -0.5], hz_list: [0.5, 0.5, 0.5, 0.5, 0.5, 0.5, 0.5, 0.5, 0.5, 0.5], hx_list: [0.5, 0.5, 0.5, 0.5, 0.5, 0.5, 0.5, 0.5, 0.5, 0.5], dt: 0.0850052798310454
J_list: [-0.5, -0.5, -0.5, -0.5, -0.5, -0.5, -0.5, -0.5, -0.5, -0.5], hz_list: [0.5, 0.5, 0.5, 0.5, 0.5, 0.5, 0.5, 0.5, 0.5, 0.5], hx_list: [0.5, 0.5, 0.5, 0.5, 0.5, 0.5, 0.5, 0.5, 0.5, 0.5], dt: 0.07222808870116157
Values: [-0.29306641 -0.27885742 -0.26367188 -0.22709961 -0.19526367]
old hue: 0.0, old lightness: 0.6000000238418579, old saturation: 1.0
new hue: [0.70693359 0.72114258 0.73632812 0.77290039 0.80473633], new lightness: [0.30693362 0.3211426  0.33632815 0.37290041 0.40473635], new saturation: [0.70693359 0.72114258 0.73632812 0.77290039 0.80473633]
Generated new colors: [(50, 23, 134), (61, 23, 141), (75, 23, 149), (115, 22, 169), (158, 20, 186)]
Heisenberg effect applied successfully
Effect applied successfully.
Using color: [255   0   0]
Using angles: phi=0.0, theta=1.5707963705062866
J_list: [-0.5, -0.5, -0.5, -0.5, -0.5, -0.5, -0.5, -0.5, -0.5, -0.5], hz_list: [0.5, 0.5, 0.5, 0.5, 0.5, 0.5, 0.5, 0.5, 0.5, 0.5], hx_list: [0.5, 0.5, 0.5, 0.5, 0.5, 0.5, 0.5, 0.5, 0.5, 0.5], dt: 0.06543859649122807
J_list: [-0.5, -0.5, -0.5, -0.5, -0.5, -0.5, -0.5, -0.5, -0.5, -0.5], hz_list: [0.5, 0.5, 0.5, 0.5, 0.5, 0.5, 0.5, 0.5, 0.5, 0.5], hx_list: [0.5, 0.5, 0.5, 0.5, 0.5, 0.5, 0.5, 0.5, 0.5, 0.5], dt: 0.04017543859649123
J_list: [-0.5, -0.5, -0.5, -0.5, -0.5, -0.5, -0.5, -0.5, -0.5, -0.5], hz_list: [0.5, 0.5, 0.5, 0.5, 0.5, 0.5, 0.5, 0.5, 0.5, 0.5], hx_list: [0.5, 0.5, 0.5, 0.5, 0.5, 0.5, 0.5, 0.5, 0.5, 0.5], dt: 0.1
Values: [-0.00039063  0.00307617  0.02089844]
old hue: 0.0, old lightness: 0.5, old saturation: 1.0
new hue: [0.99960938 0.00307617 0.02089844], new lightness: [0.49960938 0.50307617 0.52089844], new saturation: [0.99960938 0.00307617 0.02089844]
Generated new colors: [(255, 0, 1), (129, 128, 128), (135, 131, 130)]
Heisenberg effect applied successfully
Effect applied successfully.
Using color: [255   0   0]
Using angles: phi=0.0, theta=1.5707963705062866
J_list: [-0.5, -0.5, -0.5, -0.5, -0.5, -0.5, -0.5, -0.5, -0.5, -0.5], hz_list: [0.5, 0.5, 0.5, 0.5, 0.5, 0.5, 0.5, 0.5, 0.5, 0.5], hx_list: [0.5, 0.5, 0.5, 0.5, 0.5, 0.5, 0.5, 0.5, 0.5, 0.5], dt: 0.06543859649122807
J_list: [-0.5, -0.5, -0.5, -0.5, -0.5, -0.5, -0.5, -0.5, -0.5, -0.5], hz_list: [0.5, 0.5, 0.5, 0.5, 0.5, 0.5, 0.5, 0.5, 0.5, 0.5], hx_list: [0.5, 0.5, 0.5, 0.5, 0.5, 0.5, 0.5, 0.5, 0.5, 0.5], dt: 0.04017543859649123
J_list: [-0.5, -0.5, -0.5, -0.5, -0.5, -0.5, -0.5, -0.5, -0.5, -0.5], hz_list: [0.5, 0.5, 0.5, 0.5, 0.5, 0.5, 0.5, 0.5, 0.5, 0.5], hx_list: [0.5, 0.5, 0.5, 0.5, 0.5, 0.5, 0.5, 0.5, 0.5, 0.5], dt: 0.1
Values: [0.01240234 0.00195312 0.03183594]
old hue: 0.0, old lightness: 0.5, old saturation: 1.0
new hue: [0.01240234 0.00195312 0.03183594], new lightness: [0.51240234 0.50195312 0.53183594], new saturation: [0.01240234 0.00195312 0.03183594]
Generated new colors: [(132, 129, 129), (128, 128, 128), (139, 133, 132)]
Heisenberg effect applied successfully
Effect applied successfully.
Using color: [255  51  51]
Using angles: phi=0.0, theta=1.8849557638168335
J_list: [-0.5, -0.5, -0.5, -0.5, -0.5, -0.5, -0.5, -0.5, -0.5, -0.5], hz_list: [0.5, 0.5, 0.5, 0.5, 0.5, 0.5, 0.5, 0.5, 0.5, 0.5], hx_list: [0.5, 0.5, 0.5, 0.5, 0.5, 0.5, 0.5, 0.5, 0.5, 0.5], dt: 0.1
J_list: [-0.5, -0.5, -0.5, -0.5, -0.5, -0.5, -0.5, -0.5, -0.5, -0.5], hz_list: [0.5, 0.5, 0.5, 0.5, 0.5, 0.5, 0.5, 0.5, 0.5, 0.5], hx_list: [0.5, 0.5, 0.5, 0.5, 0.5, 0.5, 0.5, 0.5, 0.5, 0.5], dt: 0.061246040126715945
J_list: [-0.5, -0.5, -0.5, -0.5, -0.5, -0.5, -0.5, -0.5, -0.5, -0.5], hz_list: [0.5, 0.5, 0.5, 0.5, 0.5, 0.5, 0.5, 0.5, 0.5, 0.5], hx_list: [0.5, 0.5, 0.5, 0.5, 0.5, 0.5, 0.5, 0.5, 0.5, 0.5], dt: 0.06504751847940866
J_list: [-0.5, -0.5, -0.5, -0.5, -0.5, -0.5, -0.5, -0.5, -0.5, -0.5], hz_list: [0.5, 0.5, 0.5, 0.5, 0.5, 0.5, 0.5, 0.5, 0.5, 0.5], hx_list: [0.5, 0.5, 0.5, 0.5, 0.5, 0.5, 0.5, 0.5, 0.5, 0.5], dt: 0.0850052798310454
J_list: [-0.5, -0.5, -0.5, -0.5, -0.5, -0.5, -0.5, -0.5, -0.5, -0.5], hz_list: [0.5, 0.5, 0.5, 0.5, 0.5, 0.5, 0.5, 0.5, 0.5, 0.5], hx_list: [0.5, 0.5, 0.5, 0.5, 0.5, 0.5, 0.5, 0.5, 0.5, 0.5], dt: 0.07222808870116157
Values: [-0.29267578 -0.28662109 -0.26230469 -0.24174805 -0.20537109]
old hue: 0.0, old lightness: 0.6000000238418579, old saturation: 1.0
new hue: [0.70732422 0.71337891 0.73769531 0.75825195 0.79462891], new lightness: [0.30732424 0.31337893 0.33769534 0.35825198 0.39462893], new saturation: [0.70732422 0.71337891 0.73769531 0.75825195 0.79462891]
Generated new colors: [(50, 23, 134), (55, 23, 137), (77, 23, 150), (98, 22, 161), (143, 21, 181)]
Heisenberg effect applied successfully
Effect applied successfully.
Using color: [255  51  51]
Using angles: phi=0.0, theta=1.8849557638168335
J_list: [-0.5, -0.5, -0.5, -0.5, -0.5, -0.5, -0.5, -0.5, -0.5, -0.5], hz_list: [0.5, 0.5, 0.5, 0.5, 0.5, 0.5, 0.5, 0.5, 0.5, 0.5], hx_list: [0.5, 0.5, 0.5, 0.5, 0.5, 0.5, 0.5, 0.5, 0.5, 0.5], dt: 0.1
J_list: [-0.5, -0.5, -0.5, -0.5, -0.5, -0.5, -0.5, -0.5, -0.5, -0.5], hz_list: [0.5, 0.5, 0.5, 0.5, 0.5, 0.5, 0.5, 0.5, 0.5, 0.5], hx_list: [0.5, 0.5, 0.5, 0.5, 0.5, 0.5, 0.5, 0.5, 0.5, 0.5], dt: 0.061246040126715945
J_list: [-0.5, -0.5, -0.5, -0.5, -0.5, -0.5, -0.5, -0.5, -0.5, -0.5], hz_list: [0.5, 0.5, 0.5, 0.5, 0.5, 0.5, 0.5, 0.5, 0.5, 0.5], hx_list: [0.5, 0.5, 0.5, 0.5, 0.5, 0.5, 0.5, 0.5, 0.5, 0.5], dt: 0.06504751847940866
J_list: [-0.5, -0.5, -0.5, -0.5, -0.5, -0.5, -0.5, -0.5, -0.5, -0.5], hz_list: [0.5, 0.5, 0.5, 0.5, 0.5, 0.5, 0.5, 0.5, 0.5, 0.5], hx_list: [0.5, 0.5, 0.5, 0.5, 0.5, 0.5, 0.5, 0.5, 0.5, 0.5], dt: 0.0850052798310454
J_list: [-0.5, -0.5, -0.5, -0.5, -0.5, -0.5, -0.5, -0.5, -0.5, -0.5], hz_list: [0.5, 0.5, 0.5, 0.5, 0.5, 0.5, 0.5, 0.5, 0.5, 0.5], hx_list: [0.5, 0.5, 0.5, 0.5, 0.5, 0.5, 0.5, 0.5, 0.5, 0.5], dt: 0.07222808870116157
Values: [-0.30126953 -0.28662109 -0.26625977 -0.24624023 -0.21313477]
old hue: 0.0, old lightness: 0.6000000238418579, old saturation: 1.0
new hue: [0.69873047 0.71337891 0.73374023 0.75375977 0.78686523], new lightness: [0.29873049 0.31337893 0.33374026 0.35375979 0.38686526], new saturation: [0.69873047 0.71337891 0.73374023 0.75375977 0.78686523]
Generated new colors: [(43, 23, 129), (55, 23, 137), (73, 23, 148), (93, 22, 158), (133, 21, 176)]
Heisenberg effect applied successfully
Effect applied successfully.
Using color: [204   0   0]
Using angles: phi=0.0, theta=1.2566370964050293
J_list: [-0.5, -0.5, -0.5, -0.5, -0.5, -0.5, -0.5, -0.5, -0.5, -0.5], hz_list: [0.5, 0.5, 0.5, 0.5, 0.5, 0.5, 0.5, 0.5, 0.5, 0.5], hx_list: [0.5, 0.5, 0.5, 0.5, 0.5, 0.5, 0.5, 0.5, 0.5, 0.5], dt: 0.1
J_list: [-0.5, -0.5, -0.5, -0.5, -0.5, -0.5, -0.5, -0.5, -0.5, -0.5], hz_list: [0.5, 0.5, 0.5, 0.5, 0.5, 0.5, 0.5, 0.5, 0.5, 0.5], hx_list: [0.5, 0.5, 0.5, 0.5, 0.5, 0.5, 0.5, 0.5, 0.5, 0.5], dt: 0.061246040126715945
J_list: [-0.5, -0.5, -0.5, -0.5, -0.5, -0.5, -0.5, -0.5, -0.5, -0.5], hz_list: [0.5, 0.5, 0.5, 0.5, 0.5, 0.5, 0.5, 0.5, 0.5, 0.5], hx_list: [0.5, 0.5, 0.5, 0.5, 0.5, 0.5, 0.5, 0.5, 0.5, 0.5], dt: 0.06504751847940866
J_list: [-0.5, -0.5, -0.5, -0.5, -0.5, -0.5, -0.5, -0.5, -0.5, -0.5], hz_list: [0.5, 0.5, 0.5, 0.5, 0.5, 0.5, 0.5, 0.5, 0.5, 0.5], hx_list: [0.5, 0.5, 0.5, 0.5, 0.5, 0.5, 0.5, 0.5, 0.5, 0.5], dt: 0.0850052798310454
J_list: [-0.5, -0.5, -0.5, -0.5, -0.5, -0.5, -0.5, -0.5, -0.5, -0.5], hz_list: [0.5, 0.5, 0.5, 0.5, 0.5, 0.5, 0.5, 0.5, 0.5, 0.5], hx_list: [0.5, 0.5, 0.5, 0.5, 0.5, 0.5, 0.5, 0.5, 0.5, 0.5], dt: 0.07222808870116157
Values: [0.32006836 0.32485352 0.3324707  0.35668945 0.37675781]
old hue: 0.0, old lightness: 0.4000000059604645, old saturation: 1.0
new hue: [0.32006836 0.32485352 0.3324707  0.35668945 0.37675781], new lightness: [0.72006837 0.72485352 0.73247071 0.75668946 0.77675782], new saturation: [0.32006836 0.32485352 0.3324707  0.35668945 0.37675781]
Generated new colors: [(164, 206, 161), (164, 208, 162), (164, 209, 164), (171, 215, 177), (177, 220, 188)]
Heisenberg effect applied successfully
Effect applied successfully.
Using color: [255  51 102]
Using angles: phi=6.02138614654541, theta=1.8849557638168335
J_list: [-0.5, -0.5, -0.5, -0.5, -0.5, -0.5, -0.5, -0.5, -0.5, -0.5], hz_list: [0.5, 0.5, 0.5, 0.5, 0.5, 0.5, 0.5, 0.5, 0.5, 0.5], hx_list: [0.5, 0.5, 0.5, 0.5, 0.5, 0.5, 0.5, 0.5, 0.5, 0.5], dt: 0.1
J_list: [-0.5, -0.5, -0.5, -0.5, -0.5, -0.5, -0.5, -0.5, -0.5, -0.5], hz_list: [0.5, 0.5, 0.5, 0.5, 0.5, 0.5, 0.5, 0.5, 0.5, 0.5], hx_list: [0.5, 0.5, 0.5, 0.5, 0.5, 0.5, 0.5, 0.5, 0.5, 0.5], dt: 0.061246040126715945
J_list: [-0.5, -0.5, -0.5, -0.5, -0.5, -0.5, -0.5, -0.5, -0.5, -0.5], hz_list: [0.5, 0.5, 0.5, 0.5, 0.5, 0.5, 0.5, 0.5, 0.5, 0.5], hx_list: [0.5, 0.5, 0.5, 0.5, 0.5, 0.5, 0.5, 0.5, 0.5, 0.5], dt: 0.06504751847940866
J_list: [-0.5, -0.5, -0.5, -0.5, -0.5, -0.5, -0.5, -0.5, -0.5, -0.5], hz_list: [0.5, 0.5, 0.5, 0.5, 0.5, 0.5, 0.5, 0.5, 0.5, 0.5], hx_list: [0.5, 0.5, 0.5, 0.5, 0.5, 0.5, 0.5, 0.5, 0.5, 0.5], dt: 0.0850052798310454
J_list: [-0.5, -0.5, -0.5, -0.5, -0.5, -0.5, -0.5, -0.5, -0.5, -0.5], hz_list: [0.5, 0.5, 0.5, 0.5, 0.5, 0.5, 0.5, 0.5, 0.5, 0.5], hx_list: [0.5, 0.5, 0.5, 0.5, 0.5, 0.5, 0.5, 0.5, 0.5, 0.5], dt: 0.07222808870116157
Values: [-0.33271484 -0.32651367 -0.32895508 -0.31245117 -0.29335937]
old hue: 0.9583333134651184, old lightness: 0.6000000238418579, old saturation: 1.0
new hue: [0.62561847 0.63181964 0.62937824 0.64588214 0.66497394], new lightness: [0.26728518 0.27348635 0.27104495 0.28754885 0.30664065], new saturation: [0.66728516 0.67348633 0.67104492 0.68754883 0.70664063]
Generated new colors: [(23, 45, 114), (23, 42, 117), (23, 43, 115), (23, 35, 124), (23, 24, 133)]
Heisenberg effect applied successfully
Effect applied successfully.
Using color: [255  51 102]
Using angles: phi=6.02138614654541, theta=1.8849557638168335
J_list: [-0.5, -0.5, -0.5, -0.5, -0.5, -0.5, -0.5, -0.5, -0.5, -0.5], hz_list: [0.5, 0.5, 0.5, 0.5, 0.5, 0.5, 0.5, 0.5, 0.5, 0.5], hx_list: [0.5, 0.5, 0.5, 0.5, 0.5, 0.5, 0.5, 0.5, 0.5, 0.5], dt: 0.1
J_list: [-0.5, -0.5, -0.5, -0.5, -0.5, -0.5, -0.5, -0.5, -0.5, -0.5], hz_list: [0.5, 0.5, 0.5, 0.5, 0.5, 0.5, 0.5, 0.5, 0.5, 0.5], hx_list: [0.5, 0.5, 0.5, 0.5, 0.5, 0.5, 0.5, 0.5, 0.5, 0.5], dt: 0.1
J_list: [-0.5, -0.5, -0.5, -0.5, -0.5, -0.5, -0.5, -0.5, -0.5, -0.5], hz_list: [0.5, 0.5, 0.5, 0.5, 0.5, 0.5, 0.5, 0.5, 0.5, 0.5], hx_list: [0.5, 0.5, 0.5, 0.5, 0.5, 0.5, 0.5, 0.5, 0.5, 0.5], dt: 0.1
J_list: [-0.5, -0.5, -0.5, -0.5, -0.5, -0.5, -0.5, -0.5, -0.5, -0.5], hz_list: [0.5, 0.5, 0.5, 0.5, 0.5, 0.5, 0.5, 0.5, 0.5, 0.5], hx_list: [0.5, 0.5, 0.5, 0.5, 0.5, 0.5, 0.5, 0.5, 0.5, 0.5], dt: 0.1
J_list: [-0.5, -0.5, -0.5, -0.5, -0.5, -0.5, -0.5, -0.5, -0.5, -0.5], hz_list: [0.5, 0.5, 0.5, 0.5, 0.5, 0.5, 0.5, 0.5, 0.5, 0.5], hx_list: [0.5, 0.5, 0.5, 0.5, 0.5, 0.5, 0.5, 0.5, 0.5, 0.5], dt: 0.1
Values: [-0.31713867 -0.32080078 -0.31166992 -0.28378906 -0.2449707 ]
Applying color [0.08970627 0.14874683 0.47601639] to region of size 56375
Applying color [0.08956733 0.15586441 0.46883111] to region of size 35456
Applying color [0.08986381 0.13750347 0.48679634] to region of size 37508
Applying color [0.11114605 0.08973721 0.54268467] to region of size 48281
Applying color [0.23717823 0.08697178 0.62308682] to region of size 41384
Heisenberg effect applied successfully
Effect applied successfully.
Using color: [255  51 102]
Using angles: phi=6.02138614654541, theta=1.8849557638168335
J_list: [-0.5, -0.5, -0.5, -0.5, -0.5, -0.5, -0.5, -0.5, -0.5, -0.5], hz_list: [0.5, 0.5, 0.5, 0.5, 0.5, 0.5, 0.5, 0.5, 0.5, 0.5], hx_list: [0.5, 0.5, 0.5, 0.5, 0.5, 0.5, 0.5, 0.5, 0.5, 0.5], dt: 0.1
J_list: [-0.5, -0.5, -0.5, -0.5, -0.5, -0.5, -0.5, -0.5, -0.5, -0.5], hz_list: [0.5, 0.5, 0.5, 0.5, 0.5, 0.5, 0.5, 0.5, 0.5, 0.5], hx_list: [0.5, 0.5, 0.5, 0.5, 0.5, 0.5, 0.5, 0.5, 0.5, 0.5], dt: 0.1
J_list: [-0.5, -0.5, -0.5, -0.5, -0.5, -0.5, -0.5, -0.5, -0.5, -0.5], hz_list: [0.5, 0.5, 0.5, 0.5, 0.5, 0.5, 0.5, 0.5, 0.5, 0.5], hx_list: [0.5, 0.5, 0.5, 0.5, 0.5, 0.5, 0.5, 0.5, 0.5, 0.5], dt: 0.1
J_list: [-0.5, -0.5, -0.5, -0.5, -0.5, -0.5, -0.5, -0.5, -0.5, -0.5], hz_list: [0.5, 0.5, 0.5, 0.5, 0.5, 0.5, 0.5, 0.5, 0.5, 0.5], hx_list: [0.5, 0.5, 0.5, 0.5, 0.5, 0.5, 0.5, 0.5, 0.5, 0.5], dt: 0.1
J_list: [-0.5, -0.5, -0.5, -0.5, -0.5, -0.5, -0.5, -0.5, -0.5, -0.5], hz_list: [0.5, 0.5, 0.5, 0.5, 0.5, 0.5, 0.5, 0.5, 0.5, 0.5], hx_list: [0.5, 0.5, 0.5, 0.5, 0.5, 0.5, 0.5, 0.5, 0.5, 0.5], dt: 0.1
Values: [-0.33007812 -0.32050781 -0.31235352 -0.28999023 -0.24619141]
Applying color [0.08909531 0.17244505 0.45074844] to region of size 56375
Applying color [0.08957943 0.15530705 0.46940495] to region of size 35456
Applying color [0.08984739 0.13894947 0.48544558] to region of size 37508
Applying color [0.0943278  0.0898998  0.53011973] to region of size 48281
Applying color [0.23264582 0.08710464 0.62051255] to region of size 41384
Heisenberg effect applied successfully
Effect applied successfully.
Using color: [255  51 102]
Using angles: phi=6.02138614654541, theta=1.8849557638168335
J_list: [-0.5, -0.5, -0.5, -0.5, -0.5, -0.5, -0.5, -0.5, -0.5, -0.5], hz_list: [0.5, 0.5, 0.5, 0.5, 0.5, 0.5, 0.5, 0.5, 0.5, 0.5], hx_list: [0.5, 0.5, 0.5, 0.5, 0.5, 0.5, 0.5, 0.5, 0.5, 0.5], dt: 0.1
J_list: [-0.5, -0.5, -0.5, -0.5, -0.5, -0.5, -0.5, -0.5, -0.5, -0.5], hz_list: [0.5, 0.5, 0.5, 0.5, 0.5, 0.5, 0.5, 0.5, 0.5, 0.5], hx_list: [0.5, 0.5, 0.5, 0.5, 0.5, 0.5, 0.5, 0.5, 0.5, 0.5], dt: 0.1
J_list: [-0.5, -0.5, -0.5, -0.5, -0.5, -0.5, -0.5, -0.5, -0.5, -0.5], hz_list: [0.5, 0.5, 0.5, 0.5, 0.5, 0.5, 0.5, 0.5, 0.5, 0.5], hx_list: [0.5, 0.5, 0.5, 0.5, 0.5, 0.5, 0.5, 0.5, 0.5, 0.5], dt: 0.1
J_list: [-0.5, -0.5, -0.5, -0.5, -0.5, -0.5, -0.5, -0.5, -0.5, -0.5], hz_list: [0.5, 0.5, 0.5, 0.5, 0.5, 0.5, 0.5, 0.5, 0.5, 0.5], hx_list: [0.5, 0.5, 0.5, 0.5, 0.5, 0.5, 0.5, 0.5, 0.5, 0.5], dt: 0.1
J_list: [-0.5, -0.5, -0.5, -0.5, -0.5, -0.5, -0.5, -0.5, -0.5, -0.5], hz_list: [0.5, 0.5, 0.5, 0.5, 0.5, 0.5, 0.5, 0.5, 0.5, 0.5], hx_list: [0.5, 0.5, 0.5, 0.5, 0.5, 0.5, 0.5, 0.5, 0.5, 0.5], dt: 0.1
Values: [-0.32050781 -0.32636719 -0.31362305 -0.28808594 -0.24936523]
Applying color [0.08957943 0.15530705 0.46940495] to region of size 112259
Applying color [0.08930477 0.16606012 0.45796085] to region of size 72256
Applying color [0.08981441 0.14160404 0.48293949] to region of size 76180
Applying color [0.09939952 0.08985806 0.53397007] to region of size 96781
Applying color [0.22104028 0.08743612 0.61383341] to region of size 83592
Heisenberg effect applied successfully
Effect applied successfully.
Using color: [255  51 102]
Using angles: phi=6.02138614654541, theta=1.8849557638168335
J_list: [-0.5, -0.5, -0.5, -0.5, -0.5, -0.5, -0.5, -0.5, -0.5, -0.5], hz_list: [0.5, 0.5, 0.5, 0.5, 0.5, 0.5, 0.5, 0.5, 0.5, 0.5], hx_list: [0.5, 0.5, 0.5, 0.5, 0.5, 0.5, 0.5, 0.5, 0.5, 0.5], dt: 0.1
J_list: [-0.5, -0.5, -0.5, -0.5, -0.5, -0.5, -0.5, -0.5, -0.5, -0.5], hz_list: [0.5, 0.5, 0.5, 0.5, 0.5, 0.5, 0.5, 0.5, 0.5, 0.5], hx_list: [0.5, 0.5, 0.5, 0.5, 0.5, 0.5, 0.5, 0.5, 0.5, 0.5], dt: 0.1
J_list: [-0.5, -0.5, -0.5, -0.5, -0.5, -0.5, -0.5, -0.5, -0.5, -0.5], hz_list: [0.5, 0.5, 0.5, 0.5, 0.5, 0.5, 0.5, 0.5, 0.5, 0.5], hx_list: [0.5, 0.5, 0.5, 0.5, 0.5, 0.5, 0.5, 0.5, 0.5, 0.5], dt: 0.1
J_list: [-0.5, -0.5, -0.5, -0.5, -0.5, -0.5, -0.5, -0.5, -0.5, -0.5], hz_list: [0.5, 0.5, 0.5, 0.5, 0.5, 0.5, 0.5, 0.5, 0.5, 0.5], hx_list: [0.5, 0.5, 0.5, 0.5, 0.5, 0.5, 0.5, 0.5, 0.5, 0.5], dt: 0.1
J_list: [-0.5, -0.5, -0.5, -0.5, -0.5, -0.5, -0.5, -0.5, -0.5, -0.5], hz_list: [0.5, 0.5, 0.5, 0.5, 0.5, 0.5, 0.5, 0.5, 0.5, 0.5], hx_list: [0.5, 0.5, 0.5, 0.5, 0.5, 0.5, 0.5, 0.5, 0.5, 0.5], dt: 0.1
[array([-0.3184082]), array([-0.33505859]), array([-0.31606445]), array([-0.28549805]), array([-0.25195312])]
Values: [-0.3184082  -0.33505859 -0.31606445 -0.28549805 -0.25195312]
Applying color [0.08966114 0.15125139 0.47352246] to region of size 112259
Applying color [0.0887709  0.18050343 0.44111192] to region of size 72256
Applying color [0.08974193 0.14659667 0.47812916] to region of size 76180
Applying color [0.10642367 0.08978969 0.53921421] to region of size 96781
Applying color [0.21176711 0.0876915  0.60840225] to region of size 83592
Heisenberg effect applied successfully
Effect applied successfully.
Using color: [255  51 102]
Using angles: phi=6.02138614654541, theta=1.8849557638168335
J_list: [-0.5, -0.5, -0.5, -0.5, -0.5, -0.5, -0.5, -0.5, -0.5, -0.5], hz_list: [0.5, 0.5, 0.5, 0.5, 0.5, 0.5, 0.5, 0.5, 0.5, 0.5], hx_list: [0.5, 0.5, 0.5, 0.5, 0.5, 0.5, 0.5, 0.5, 0.5, 0.5], dt: 0.1
J_list: [-0.5, -0.5, -0.5, -0.5, -0.5, -0.5, -0.5, -0.5, -0.5, -0.5], hz_list: [0.5, 0.5, 0.5, 0.5, 0.5, 0.5, 0.5, 0.5, 0.5, 0.5], hx_list: [0.5, 0.5, 0.5, 0.5, 0.5, 0.5, 0.5, 0.5, 0.5, 0.5], dt: 0.1
J_list: [-0.5, -0.5, -0.5, -0.5, -0.5, -0.5, -0.5, -0.5, -0.5, -0.5], hz_list: [0.5, 0.5, 0.5, 0.5, 0.5, 0.5, 0.5, 0.5, 0.5, 0.5], hx_list: [0.5, 0.5, 0.5, 0.5, 0.5, 0.5, 0.5, 0.5, 0.5, 0.5], dt: 0.1
J_list: [-0.5, -0.5, -0.5, -0.5, -0.5, -0.5, -0.5, -0.5, -0.5, -0.5], hz_list: [0.5, 0.5, 0.5, 0.5, 0.5, 0.5, 0.5, 0.5, 0.5, 0.5], hx_list: [0.5, 0.5, 0.5, 0.5, 0.5, 0.5, 0.5, 0.5, 0.5, 0.5], dt: 0.1
J_list: [-0.5, -0.5, -0.5, -0.5, -0.5, -0.5, -0.5, -0.5, -0.5, -0.5], hz_list: [0.5, 0.5, 0.5, 0.5, 0.5, 0.5, 0.5, 0.5, 0.5, 0.5], hx_list: [0.5, 0.5, 0.5, 0.5, 0.5, 0.5, 0.5, 0.5, 0.5, 0.5], dt: 0.1
Quantum simulation failed: module 'numpy' has no attribute 'flatten'
Traceback (most recent call last):
  File "/Users/jsf/Documents/QuantumBrush-collab/effect/apply_effect.py", line 229, in <module>
    success = apply_effect(data)
              ^^^^^^^^^^^^^^^^^^
  File "/Users/jsf/Documents/QuantumBrush-collab/effect/apply_effect.py", line 138, in apply_effect
    new_image = effect_module.run(req)
                ^^^^^^^^^^^^^^^^^^^^^^
  File "/Users/jsf/Documents/QuantumBrush-collab/effect/../effect/heisenbrush2/heisenbrush2.py", line 161, in run
    new_hls = np.array([[(h + shift) % 1.0, (l + shift) % 1, (s + shift) % 1.0] for shift in color_shifts])
                                                                                             ^^^^^^^^^^^^
TypeError: 'NoneType' object is not iterable

Failed to apply effect.
Using color: [255  51 102]
Using angles: phi=6.02138614654541, theta=1.8849557638168335
J_list: [-0.5, -0.5, -0.5, -0.5, -0.5, -0.5, -0.5, -0.5, -0.5, -0.5], hz_list: [0.5, 0.5, 0.5, 0.5, 0.5, 0.5, 0.5, 0.5, 0.5, 0.5], hx_list: [0.5, 0.5, 0.5, 0.5, 0.5, 0.5, 0.5, 0.5, 0.5, 0.5], dt: 0.1
J_list: [-0.5, -0.5, -0.5, -0.5, -0.5, -0.5, -0.5, -0.5, -0.5, -0.5], hz_list: [0.5, 0.5, 0.5, 0.5, 0.5, 0.5, 0.5, 0.5, 0.5, 0.5], hx_list: [0.5, 0.5, 0.5, 0.5, 0.5, 0.5, 0.5, 0.5, 0.5, 0.5], dt: 0.1
J_list: [-0.5, -0.5, -0.5, -0.5, -0.5, -0.5, -0.5, -0.5, -0.5, -0.5], hz_list: [0.5, 0.5, 0.5, 0.5, 0.5, 0.5, 0.5, 0.5, 0.5, 0.5], hx_list: [0.5, 0.5, 0.5, 0.5, 0.5, 0.5, 0.5, 0.5, 0.5, 0.5], dt: 0.1
J_list: [-0.5, -0.5, -0.5, -0.5, -0.5, -0.5, -0.5, -0.5, -0.5, -0.5], hz_list: [0.5, 0.5, 0.5, 0.5, 0.5, 0.5, 0.5, 0.5, 0.5, 0.5], hx_list: [0.5, 0.5, 0.5, 0.5, 0.5, 0.5, 0.5, 0.5, 0.5, 0.5], dt: 0.1
J_list: [-0.5, -0.5, -0.5, -0.5, -0.5, -0.5, -0.5, -0.5, -0.5, -0.5], hz_list: [0.5, 0.5, 0.5, 0.5, 0.5, 0.5, 0.5, 0.5, 0.5, 0.5], hx_list: [0.5, 0.5, 0.5, 0.5, 0.5, 0.5, 0.5, 0.5, 0.5, 0.5], dt: 0.1
Quantum simulation failed: module 'numpy' has no attribute 'flatten'
Traceback (most recent call last):
  File "/Users/jsf/Documents/QuantumBrush-collab/effect/apply_effect.py", line 229, in <module>
    success = apply_effect(data)
              ^^^^^^^^^^^^^^^^^^
  File "/Users/jsf/Documents/QuantumBrush-collab/effect/apply_effect.py", line 138, in apply_effect
    new_image = effect_module.run(req)
                ^^^^^^^^^^^^^^^^^^^^^^
  File "/Users/jsf/Documents/QuantumBrush-collab/effect/../effect/heisenbrush2/heisenbrush2.py", line 161, in run
    new_hls = np.array([[(h + shift) % 1.0, (l + shift) % 1, (s + shift) % 1.0] for shift in color_shifts])
                                                                                             ^^^^^^^^^^^^
TypeError: 'NoneType' object is not iterable

Failed to apply effect.
Using color: [255  51 102]
Using angles: phi=6.02138614654541, theta=1.8849557638168335
J_list: [-0.5, -0.5, -0.5, -0.5, -0.5, -0.5, -0.5, -0.5, -0.5, -0.5], hz_list: [0.5, 0.5, 0.5, 0.5, 0.5, 0.5, 0.5, 0.5, 0.5, 0.5], hx_list: [0.5, 0.5, 0.5, 0.5, 0.5, 0.5, 0.5, 0.5, 0.5, 0.5], dt: 0.1
J_list: [-0.5, -0.5, -0.5, -0.5, -0.5, -0.5, -0.5, -0.5, -0.5, -0.5], hz_list: [0.5, 0.5, 0.5, 0.5, 0.5, 0.5, 0.5, 0.5, 0.5, 0.5], hx_list: [0.5, 0.5, 0.5, 0.5, 0.5, 0.5, 0.5, 0.5, 0.5, 0.5], dt: 0.1
J_list: [-0.5, -0.5, -0.5, -0.5, -0.5, -0.5, -0.5, -0.5, -0.5, -0.5], hz_list: [0.5, 0.5, 0.5, 0.5, 0.5, 0.5, 0.5, 0.5, 0.5, 0.5], hx_list: [0.5, 0.5, 0.5, 0.5, 0.5, 0.5, 0.5, 0.5, 0.5, 0.5], dt: 0.1
J_list: [-0.5, -0.5, -0.5, -0.5, -0.5, -0.5, -0.5, -0.5, -0.5, -0.5], hz_list: [0.5, 0.5, 0.5, 0.5, 0.5, 0.5, 0.5, 0.5, 0.5, 0.5], hx_list: [0.5, 0.5, 0.5, 0.5, 0.5, 0.5, 0.5, 0.5, 0.5, 0.5], dt: 0.1
J_list: [-0.5, -0.5, -0.5, -0.5, -0.5, -0.5, -0.5, -0.5, -0.5, -0.5], hz_list: [0.5, 0.5, 0.5, 0.5, 0.5, 0.5, 0.5, 0.5, 0.5, 0.5], hx_list: [0.5, 0.5, 0.5, 0.5, 0.5, 0.5, 0.5, 0.5, 0.5, 0.5], dt: 0.1
Color shifts: [-0.0128418  -0.01181641 -0.00146484  0.01967773  0.05830078]
Applying color [0.99469837 0.17961804 0.4461907 ] to region of size 112259
Applying color [0.99513381 0.18123338 0.44241275] to region of size 72256
Applying color [0.99941192 0.1976584  0.40514344] to region of size 76180
Applying color [0.62716161 0.61219385 0.6141686 ] to region of size 96781
Applying color [0.67822211 0.64235593 0.63837945] to region of size 83592
Heisenberg effect applied successfully
Effect applied successfully.
Effect applied successfully.
target angle (np.float64(2.0943951023931953), np.float64(1.5707963267948966))
initial angle (np.float64(0.09062578471106679), np.float64(2.8076675718462454))
initial angle (np.float32(0.056835067), np.float32(2.8897085))
initial angle (np.float32(0.07810084), np.float32(2.879295))
initial angle (np.float32(0.0017430739), np.float32(2.3714995))
initial angle (np.float32(0.12646288), np.float32(2.0829477))
initial angle (np.float32(0.12453657), np.float32(2.4957247))
initial angle (np.float64(0.0), np.float64(3.1413965649285984))
initial angle (np.float64(0.12260267876554669), np.float64(2.720390447119285))
initial angle (np.float64(0.0033667128936596905), np.float64(3.1336640060922227))
initial angle (np.float64(0.12330942751967275), np.float64(3.006545756549417))
initial angle (np.float64(0.04821448123414203), np.float64(3.091032052813268))
initial angle (np.float64(0.017666246290688283), np.float64(3.1044338880427667))
initial angle (np.float64(0.0), np.float64(3.141592653589793))
initial angle (np.float64(0.10739695225399913), np.float64(2.7866333001276242))
initial angles [(np.float64(0.09062578471106679), np.float64(2.8076675718462454)), (np.float32(0.056835067), np.float32(2.8897085)), (np.float32(0.07810084), np.float32(2.879295)), (np.float32(0.0017430739), np.float32(2.3714995)), (np.float32(0.12646288), np.float32(2.0829477)), (np.float32(0.12453657), np.float32(2.4957247)), (np.float64(0.0), np.float64(3.1413965649285984)), (np.float64(0.12260267876554669), np.float64(2.720390447119285)), (np.float64(0.0033667128936596905), np.float64(3.1336640060922227)), (np.float64(0.12330942751967275), np.float64(3.006545756549417)), (np.float64(0.04821448123414203), np.float64(3.091032052813268)), (np.float64(0.017666246290688283), np.float64(3.1044338880427667)), (np.float64(0.0), np.float64(3.141592653589793)), (np.float64(0.10739695225399913), np.float64(2.7866333001276242))]
target angles (np.float64(2.0943951023931953), np.float64(1.5707963267948966))
final angles [(np.float64(1.6103294713983545), np.float64(1.8659388474114447)), (np.float64(1.6467256230708844), np.float64(1.897168391104154)), (np.float64(1.5697256633924412), np.float64(1.9137522592020673)), (np.float64(1.5468357715530683), np.float64(1.8325469588773917)), (np.float64(1.5361757508088545), np.float64(1.7394986321661112)), (np.float64(1.5178156508907934), np.float64(1.9118999364136768)), (np.float64(1.5878832712732565), np.float64(2.1069528015606234)), (np.float64(1.5179550340728452), np.float64(1.9978696229061828)), (np.float64(1.5960010721218383), np.float64(2.120432202233314)), (np.float64(1.593562791084787), np.float64(2.0805191616040926)), (np.float64(1.6018579882713162), np.float64(2.119720670195624)), (np.float64(1.5771133621601483), np.float64(2.110370523581546)), (np.float64(1.5864915715574666), np.float64(2.1471842236722765)), (np.float64(1.527858847738939), np.float64(2.070235035430656))]
Effect applied successfully.
target angle (np.float64(2.0943951023931953), np.float64(1.5707963267948966))
initial angle (np.float32(1.0310895), np.float32(2.9187922))
initial angle (np.float32(0.598717), np.float32(2.6262217))
initial angle (np.float32(0.035880316), np.float32(2.103496))
initial angle (np.float32(0.0040004044), np.float32(1.8544393))
initial angle (np.float32(6.267647), np.float32(1.5741982))
initial angle (np.float32(6.2799706), np.float32(1.5766505))
initial angle (np.float32(0.00015907193), np.float32(1.5685517))
initial angle (np.float32(0.03648365), np.float32(2.3882318))
initial angle (np.float64(0.1145156512086057), np.float64(2.7590511889634075))
initial angle (np.float64(0.0), np.float64(3.141592653589793))
initial angle (np.float32(6.2765126), np.float32(3.1244264))
initial angle (np.float32(6.0918527), np.float32(1.9608655))
initial angle (np.float32(4.194928), np.float32(1.8164848))
initial angle (np.float32(4.778812), np.float32(1.8582444))
initial angles [(np.float32(1.0310895), np.float32(2.9187922)), (np.float32(0.598717), np.float32(2.6262217)), (np.float32(0.035880316), np.float32(2.103496)), (np.float32(0.0040004044), np.float32(1.8544393)), (np.float32(6.267647), np.float32(1.5741982)), (np.float32(6.2799706), np.float32(1.5766505)), (np.float32(0.00015907193), np.float32(1.5685517)), (np.float32(0.03648365), np.float32(2.3882318)), (np.float64(0.1145156512086057), np.float64(2.7590511889634075)), (np.float64(0.0), np.float64(3.141592653589793)), (np.float32(6.2765126), np.float32(3.1244264)), (np.float32(6.0918527), np.float32(1.9608655)), (np.float32(4.194928), np.float32(1.8164848)), (np.float32(4.778812), np.float32(1.8582444))]
target angles (np.float64(2.0943951023931953), np.float64(1.5707963267948966))
final angles [(np.float64(1.6777897219080438), np.float64(1.8813032394594218)), (np.float64(1.662742150643299), np.float64(1.8048450123535933)), (np.float64(1.5676713369673632), np.float64(1.7334093753093058)), (np.float64(1.4960316252691603), np.float64(1.6350436803345567)), (np.float64(3.081207504413625), np.float64(1.5513762762376346)), (np.float64(3.00493218781541), np.float64(1.6008289646201004)), (np.float64(1.4218781624811179), np.float64(1.5696550322335383)), (np.float64(1.4333266093981216), np.float64(1.8859811424391275)), (np.float64(1.5219292132177469), np.float64(2.0995498213753576)), (np.float64(1.6275221076382895), np.float64(2.2113061784373036)), (np.float64(1.6222113352065775), np.float64(2.228401289466827)), (np.float64(2.948243606807812), np.float64(2.2841086265777535)), (np.float64(2.949453287121218), np.float64(1.8251388131723414)), (np.float64(3.112908539946851), np.float64(1.8832850553707452))]
Effect applied successfully.
Effect applied successfully.
Effect applied successfully.
target angle (np.float64(0.2617993877991495), np.float64(1.8849555921538759))
initial angle (np.float32(4.6079783), np.float32(1.5730642))
initial angle (np.float32(4.6082296), np.float32(1.568704))
initial angle (np.float32(4.608201), np.float32(1.5684398))
initial angle (np.float32(4.607826), np.float32(1.5695499))
initial angle (np.float32(4.607728), np.float32(1.5738581))
initial angles [(np.float32(4.6079783), np.float32(1.5730642)), (np.float32(4.6082296), np.float32(1.568704)), (np.float32(4.608201), np.float32(1.5684398)), (np.float32(4.607826), np.float32(1.5695499)), (np.float32(4.607728), np.float32(1.5738581))]
target angles (np.float64(0.2617993877991495), np.float64(1.8849555921538759))
final angles [(np.float64(0.24061124294107777), np.float64(1.9223130056930462)), (np.float64(0.16312761857723077), np.float64(1.9650548393408074)), (np.float64(0.053110925222271184), np.float64(1.9410034026839493)), (np.float64(0.05075243646707434), np.float64(1.9621684393426937)), (np.float64(6.253806007844741), np.float64(1.9539647571979935))]
Effect applied successfully.
target angle (np.float64(0.2617993877991495), np.float64(1.8849555921538759))
initial angle (np.float32(4.607799), np.float32(1.5703351))
initial angle (np.float32(4.6079617), np.float32(1.576128))
initial angle (np.float32(4.608202), np.float32(1.5746031))
initial angle (np.float32(4.608716), np.float32(1.5668871))
initial angle (np.float32(4.607898), np.float32(1.5699428))
initial angle (np.float32(4.6078625), np.float32(1.5700759))
initial angle (np.float32(4.6080446), np.float32(1.569395))
initial angle (np.float32(4.608329), np.float32(1.5683342))
initial angle (np.float32(4.6083508), np.float32(1.5672979))
initial angle (np.float32(4.6082), np.float32(1.5672454))
initial angle (np.float32(4.607748), np.float32(1.569989))
initial angle (np.float32(4.607602), np.float32(1.5711412))
initial angle (np.float32(4.6076136), np.float32(1.570407))
initial angle (np.float32(4.607946), np.float32(1.5693965))
initial angle (np.float32(4.607721), np.float32(1.5790951))
initial angles [(np.float32(4.607799), np.float32(1.5703351)), (np.float32(4.6079617), np.float32(1.576128)), (np.float32(4.608202), np.float32(1.5746031)), (np.float32(4.608716), np.float32(1.5668871)), (np.float32(4.607898), np.float32(1.5699428)), (np.float32(4.6078625), np.float32(1.5700759)), (np.float32(4.6080446), np.float32(1.569395)), (np.float32(4.608329), np.float32(1.5683342)), (np.float32(4.6083508), np.float32(1.5672979)), (np.float32(4.6082), np.float32(1.5672454)), (np.float32(4.607748), np.float32(1.569989)), (np.float32(4.607602), np.float32(1.5711412)), (np.float32(4.6076136), np.float32(1.570407)), (np.float32(4.607946), np.float32(1.5693965)), (np.float32(4.607721), np.float32(1.5790951))]
target angles (np.float64(0.2617993877991495), np.float64(1.8849555921538759))
final angles [(np.float64(0.2874129112641303), np.float64(1.9459858069253366)), (np.float64(0.09744468964806985), np.float64(1.9183070474195896)), (np.float64(0.08603088593190113), np.float64(1.9614942088322145)), (np.float64(0.059532220075248346), np.float64(1.94586764957935)), (np.float64(6.229789171514138), np.float64(1.9431836048995164)), (np.float64(6.216133870069749), np.float64(1.955808510096568)), (np.float64(6.096468952990124), np.float64(1.9697784559214802)), (np.float64(6.045374980049814), np.float64(1.9406539000115735)), (np.float64(6.015009443549414), np.float64(1.943795592631338)), (np.float64(6.023763204055013), np.float64(1.9641801434748327)), (np.float64(6.005263767642212), np.float64(1.9378414016404282)), (np.float64(5.972797900047235), np.float64(1.9061758949551653)), (np.float64(5.880901238813121), np.float64(1.9643061026620015)), (np.float64(5.900758876570547), np.float64(1.9337271246003982)), (np.float64(5.930392762855881), np.float64(1.9440308799177564))]
Effect applied successfully.
Using color: [255   0   0]
Using angles: phi=0.0, theta=1.5707963705062866
J_list: [-0.5, -0.5, -0.5, -0.5, -0.5, -0.5, -0.5, -0.5, -0.5, -0.5], hz_list: [0.5, 0.5, 0.5, 0.5, 0.5, 0.5, 0.5, 0.5, 0.5, 0.5], hx_list: [0.5, 0.5, 0.5, 0.5, 0.5, 0.5, 0.5, 0.5, 0.5, 0.5], dt: 0.1
J_list: [-0.5, -0.5, -0.5, -0.5, -0.5, -0.5, -0.5, -0.5, -0.5, -0.5], hz_list: [0.5, 0.5, 0.5, 0.5, 0.5, 0.5, 0.5, 0.5, 0.5, 0.5], hx_list: [0.5, 0.5, 0.5, 0.5, 0.5, 0.5, 0.5, 0.5, 0.5, 0.5], dt: 0.1
J_list: [-0.5, -0.5, -0.5, -0.5, -0.5, -0.5, -0.5, -0.5, -0.5, -0.5], hz_list: [0.5, 0.5, 0.5, 0.5, 0.5, 0.5, 0.5, 0.5, 0.5, 0.5], hx_list: [0.5, 0.5, 0.5, 0.5, 0.5, 0.5, 0.5, 0.5, 0.5, 0.5], dt: 0.1
Values: [0.01074219 0.03916016 0.06293945]
Applying color [0.75799894 0.25308199 0.25274324] to region of size 19724
Applying color [0.77860336 0.26479703 0.2605568 ] to region of size 54731
Applying color [0.7952239  0.27810371 0.26771555] to region of size 13871
Heisenberg effect applied successfully
Effect applied successfully.
Using color: [255   0   0]
Using angles: phi=0.0, theta=1.5707963705062866
J_list: [-0.5, -0.5, -0.5, -0.5, -0.5, -0.5, -0.5, -0.5, -0.5, -0.5], hz_list: [0.5, 0.5, 0.5, 0.5, 0.5, 0.5, 0.5, 0.5, 0.5, 0.5], hx_list: [0.5, 0.5, 0.5, 0.5, 0.5, 0.5, 0.5, 0.5, 0.5, 0.5], dt: 0.1
J_list: [-0.5, -0.5, -0.5, -0.5, -0.5, -0.5, -0.5, -0.5, -0.5, -0.5], hz_list: [0.5, 0.5, 0.5, 0.5, 0.5, 0.5, 0.5, 0.5, 0.5, 0.5], hx_list: [0.5, 0.5, 0.5, 0.5, 0.5, 0.5, 0.5, 0.5, 0.5, 0.5], dt: 0.1
J_list: [-0.5, -0.5, -0.5, -0.5, -0.5, -0.5, -0.5, -0.5, -0.5, -0.5], hz_list: [0.5, 0.5, 0.5, 0.5, 0.5, 0.5, 0.5, 0.5, 0.5, 0.5], hx_list: [0.5, 0.5, 0.5, 0.5, 0.5, 0.5, 0.5, 0.5, 0.5, 0.5], dt: 0.1
J_list: [-0.5, -0.5, -0.5, -0.5, -0.5, -0.5, -0.5, -0.5, -0.5, -0.5], hz_list: [0.5, 0.5, 0.5, 0.5, 0.5, 0.5, 0.5, 0.5, 0.5, 0.5], hx_list: [0.5, 0.5, 0.5, 0.5, 0.5, 0.5, 0.5, 0.5, 0.5, 0.5], dt: 0.1
J_list: [-0.5, -0.5, -0.5, -0.5, -0.5, -0.5, -0.5, -0.5, -0.5, -0.5], hz_list: [0.5, 0.5, 0.5, 0.5, 0.5, 0.5, 0.5, 0.5, 0.5, 0.5], hx_list: [0.5, 0.5, 0.5, 0.5, 0.5, 0.5, 0.5, 0.5, 0.5, 0.5], dt: 0.1
J_list: [-0.5, -0.5, -0.5, -0.5, -0.5, -0.5, -0.5, -0.5, -0.5, -0.5], hz_list: [0.5, 0.5, 0.5, 0.5, 0.5, 0.5, 0.5, 0.5, 0.5, 0.5], hx_list: [0.5, 0.5, 0.5, 0.5, 0.5, 0.5, 0.5, 0.5, 0.5, 0.5], dt: 0.1
J_list: [-0.5, -0.5, -0.5, -0.5, -0.5, -0.5, -0.5, -0.5, -0.5, -0.5], hz_list: [0.5, 0.5, 0.5, 0.5, 0.5, 0.5, 0.5, 0.5, 0.5, 0.5], hx_list: [0.5, 0.5, 0.5, 0.5, 0.5, 0.5, 0.5, 0.5, 0.5, 0.5], dt: 0.1
J_list: [-0.5, -0.5, -0.5, -0.5, -0.5, -0.5, -0.5, -0.5, -0.5, -0.5], hz_list: [0.5, 0.5, 0.5, 0.5, 0.5, 0.5, 0.5, 0.5, 0.5, 0.5], hx_list: [0.5, 0.5, 0.5, 0.5, 0.5, 0.5, 0.5, 0.5, 0.5, 0.5], dt: 0.1
J_list: [-0.5, -0.5, -0.5, -0.5, -0.5, -0.5, -0.5, -0.5, -0.5, -0.5], hz_list: [0.5, 0.5, 0.5, 0.5, 0.5, 0.5, 0.5, 0.5, 0.5, 0.5], hx_list: [0.5, 0.5, 0.5, 0.5, 0.5, 0.5, 0.5, 0.5, 0.5, 0.5], dt: 0.1
J_list: [-0.5, -0.5, -0.5, -0.5, -0.5, -0.5, -0.5, -0.5, -0.5, -0.5], hz_list: [0.5, 0.5, 0.5, 0.5, 0.5, 0.5, 0.5, 0.5, 0.5, 0.5], hx_list: [0.5, 0.5, 0.5, 0.5, 0.5, 0.5, 0.5, 0.5, 0.5, 0.5], dt: 0.1
Values: [0.01054688 0.04414062 0.05249023 0.09165039 0.14589844 0.19145508
 0.25585938 0.31494141 0.390625   0.45107422]
Applying color [0.75785454 0.25301901 0.25269234] to region of size 10830
Applying color [0.78213127 0.26733852 0.26200935] to region of size 11765
Applying color [0.78799006 0.27189811 0.26450017] to region of size 13142
Applying color [0.8145379  0.29769281 0.27711249] to region of size 10717
Applying color [0.84878065 0.34234297 0.29711779] to region of size 10518
Applying color [0.86647791 0.37526379 0.31619129] to region of size 12002
Applying color [0.87573363 0.40916252 0.34669685] to region of size 11730
Applying color [0.88476097 0.43661201 0.3783294 ] to region of size 10304
Applying color [0.9239502  0.4666748  0.43863678] to region of size 10707
Applying color [0.96450253 0.48657169 0.48009318] to region of size 11511
Heisenberg effect applied successfully
Effect applied successfully.
intial SVD [825.7479   123.862564  74.48749 ]
intial 0.7204159 0.51692355 0.46237543
copy [0.238622 0.170952 0.153226] 0.3311242248220447 paste [0.656982 0.470466 0.424394] 0.9127288056788829
final [502.33337891 269.09903778 253.08111221] [779.15876423 141.30177739  99.44463193]
Effect applied successfully.
initial angles [(np.float64(5.8967176529283325), np.float64(1.9897760333292114)), (np.float64(5.947195744521547), np.float64(2.5549563806558795)), (np.float32(5.804955), np.float32(2.6732426)), (np.float64(6.188681343604293), np.float64(2.8218598054355377)), (np.float32(4.60719), np.float32(1.5852941)), (np.float32(4.5963573), np.float32(1.9874954))]
Effect applied successfully.
